==== Start: 02/15/2026 14:14:19 ==== 
**********************
Windows PowerShell transcript start
Start time: 20260215141419
Username: YM\User
RunAs User: YM\User
Configuration Name: 
Machine: YM (Microsoft Windows NT 10.0.19043.0)
Host Application: C:\Windows\System32\WindowsPowerShell\v1.0\powershell.exe -NoProfile -ExecutionPolicy Bypass -NoExit -File C:\Users\User\Desktop\CH\CH\setup_and_run.ps1 /install /PORT:5002
Process ID: 4960
PSVersion: 5.1.19041.1645
PSEdition: Desktop
PSCompatibleVersions: 1.0, 2.0, 3.0, 4.0, 5.0, 5.1.19041.1645
BuildVersion: 10.0.19041.1645
CLRVersion: 4.0.30319.42000
WSManStackVersion: 3.0
PSRemotingProtocolVersion: 2.3
SerializationVersion: 1.1.0.1
**********************
Transcript started, output file is C:\Users\User\Desktop\CH\CH\server.log
Starting server... (logging to C:\Users\User\Desktop\CH\CH\server.log)
Server exited with error:
The variable '$chosen' cannot be retrieved because it has not been set.
PS>TerminatingError(Out-File): "The process cannot access the file 'C:\Users\User\Desktop\CH\CH\server.log' because it is being used by another process."
**********************
Windows PowerShell transcript end
End time: 20260215141419
**********************
==== End: 02/15/2026 14:14:19 ==== 
==== Start: 02/15/2026 14:15:29 ==== 
**********************
Windows PowerShell transcript start
Start time: 20260215141529
Username: YM\User
RunAs User: YM\User
Configuration Name: 
Machine: YM (Microsoft Windows NT 10.0.19043.0)
Host Application: C:\Windows\System32\WindowsPowerShell\v1.0\powershell.exe -NoProfile -ExecutionPolicy Bypass -NoExit -File C:\Users\User\Desktop\CH\CH\setup_and_run.ps1 /install /PORT:5002
Process ID: 4928
PSVersion: 5.1.19041.1645
PSEdition: Desktop
PSCompatibleVersions: 1.0, 2.0, 3.0, 4.0, 5.0, 5.1.19041.1645
BuildVersion: 10.0.19041.1645
CLRVersion: 4.0.30319.42000
WSManStackVersion: 3.0
PSRemotingProtocolVersion: 2.3
SerializationVersion: 1.1.0.1
**********************
Transcript started, output file is C:\Users\User\Desktop\CH\CH\server.log
Starting server... (logging to C:\Users\User\Desktop\CH\CH\server.log)
Server exited with error:
The variable '$chosen' cannot be retrieved because it has not been set.
PS>TerminatingError(Out-File): "The process cannot access the file 'C:\Users\User\Desktop\CH\CH\server.log' because it is being used by another process."
**********************
Windows PowerShell transcript end
End time: 20260215141529
**********************
==== End: 02/15/2026 14:15:29 ==== 
==== Start: 02/15/2026 14:16:44 ==== 
**********************
Windows PowerShell transcript start
Start time: 20260215141644
Username: YM\User
RunAs User: YM\User
Configuration Name: 
Machine: YM (Microsoft Windows NT 10.0.19043.0)
Host Application: C:\Windows\System32\WindowsPowerShell\v1.0\powershell.exe -NoProfile -ExecutionPolicy Bypass -NoExit -File C:\Users\User\Desktop\CH\CH\setup_and_run.ps1 /install /PORT:5002cd C:\Users\User\Desktop\CH\CH
Process ID: 5660
PSVersion: 5.1.19041.1645
PSEdition: Desktop
PSCompatibleVersions: 1.0, 2.0, 3.0, 4.0, 5.0, 5.1.19041.1645
BuildVersion: 10.0.19041.1645
CLRVersion: 4.0.30319.42000
WSManStackVersion: 3.0
PSRemotingProtocolVersion: 2.3
SerializationVersion: 1.1.0.1
**********************
Transcript started, output file is C:\Users\User\Desktop\CH\CH\server.log
Starting server... (logging to C:\Users\User\Desktop\CH\CH\server.log)
Server exited with error:
The variable '$chosen' cannot be retrieved because it has not been set.
PS>TerminatingError(Out-File): "The process cannot access the file 'C:\Users\User\Desktop\CH\CH\server.log' because it is being used by another process."
**********************
Windows PowerShell transcript end
End time: 20260215141644
**********************
==== End: 02/15/2026 14:16:44 ==== 
==== Start: 02/15/2026 14:18:41 ==== 
**********************
Windows PowerShell transcript start
Start time: 20260215141841
Username: YM\User
RunAs User: YM\User
Configuration Name: 
Machine: YM (Microsoft Windows NT 10.0.19043.0)
Host Application: C:\Windows\System32\WindowsPowerShell\v1.0\powershell.exe -NoProfile -ExecutionPolicy Bypass -NoExit -File C:\Users\User\Desktop\CH\CH\setup_and_run.ps1 /install /PORT:5002
Process ID: 6064
PSVersion: 5.1.19041.1645
PSEdition: Desktop
PSCompatibleVersions: 1.0, 2.0, 3.0, 4.0, 5.0, 5.1.19041.1645
BuildVersion: 10.0.19041.1645
CLRVersion: 4.0.30319.42000
WSManStackVersion: 3.0
PSRemotingProtocolVersion: 2.3
SerializationVersion: 1.1.0.1
**********************
Transcript started, output file is C:\Users\User\Desktop\CH\CH\server.log
Starting server... (logging to C:\Users\User\Desktop\CH\CH\server.log)

**********************
Windows PowerShell transcript end
End time: 20260215141841
**********************
==== End: 02/15/2026 14:18:42 ==== 
==== Start: 02/15/2026 14:20:44 ==== 
**********************
Windows PowerShell transcript start
Start time: 20260215142044
Username: YM\User
RunAs User: YM\User
Configuration Name: 
Machine: YM (Microsoft Windows NT 10.0.19043.0)
Host Application: C:\Windows\System32\WindowsPowerShell\v1.0\powershell.exe -NoProfile -ExecutionPolicy Bypass -NoExit -File C:\Users\User\Desktop\CH\CH\setup_and_run.ps1 /install /PORT:5002
Process ID: 5884
PSVersion: 5.1.19041.1645
PSEdition: Desktop
PSCompatibleVersions: 1.0, 2.0, 3.0, 4.0, 5.0, 5.1.19041.1645
BuildVersion: 10.0.19041.1645
CLRVersion: 4.0.30319.42000
WSManStackVersion: 3.0
PSRemotingProtocolVersion: 2.3
SerializationVersion: 1.1.0.1
**********************
Transcript started, output file is C:\Users\User\Desktop\CH\CH\server.log
Starting server... (logging to C:\Users\User\Desktop\CH\CH\server.log)

**********************
Windows PowerShell transcript end
End time: 20260215142044
**********************
==== End: 02/15/2026 14:20:45 ==== 
==== Start: 02/15/2026 14:21:21 ==== 
**********************
Windows PowerShell transcript start
Start time: 20260215142121
Username: YM\User
RunAs User: YM\User
Configuration Name: 
Machine: YM (Microsoft Windows NT 10.0.19043.0)
Host Application: C:\Windows\System32\WindowsPowerShell\v1.0\powershell.exe -NoProfile -ExecutionPolicy Bypass -NoExit -File C:\Users\User\Desktop\CH\CH\setup_and_run.ps1
Process ID: 128
PSVersion: 5.1.19041.1645
PSEdition: Desktop
PSCompatibleVersions: 1.0, 2.0, 3.0, 4.0, 5.0, 5.1.19041.1645
BuildVersion: 10.0.19041.1645
CLRVersion: 4.0.30319.42000
WSManStackVersion: 3.0
PSRemotingProtocolVersion: 2.3
SerializationVersion: 1.1.0.1
**********************
Transcript started, output file is C:\Users\User\Desktop\CH\CH\server.log
Starting server... (logging to C:\Users\User\Desktop\CH\CH\server.log)
Traceback (most recent call last):
  File "C:\Users\User\Desktop\CH\CH\server.py", line 1, in <module>
    from flask import Flask, render_template, request
ModuleNotFoundError: No module named 'flask'
**********************
Windows PowerShell transcript end
End time: 20260215142121
**********************
==== End: 02/15/2026 14:21:21 ==== 
==== Start: 02/15/2026 14:24:19 ==== 
**********************
Windows PowerShell transcript start
Start time: 20260215142419
Username: YM\User
RunAs User: YM\User
Configuration Name: 
Machine: YM (Microsoft Windows NT 10.0.19043.0)
Host Application: C:\Windows\System32\WindowsPowerShell\v1.0\powershell.exe -NoProfile -ExecutionPolicy Bypass -NoExit -File C:\Users\User\Desktop\CH\CH\setup_and_run.ps1
Process ID: 1884
PSVersion: 5.1.19041.1645
PSEdition: Desktop
PSCompatibleVersions: 1.0, 2.0, 3.0, 4.0, 5.0, 5.1.19041.1645
BuildVersion: 10.0.19041.1645
CLRVersion: 4.0.30319.42000
WSManStackVersion: 3.0
PSRemotingProtocolVersion: 2.3
SerializationVersion: 1.1.0.1
**********************
Transcript started, output file is C:\Users\User\Desktop\CH\CH\server.log
Starting server... (logging to C:\Users\User\Desktop\CH\CH\server.log)
==== Start: 02/15/2026 14:42:57 ==== 
**********************
Windows PowerShell transcript start
Start time: 20260215144257
Username: YM\User
RunAs User: YM\User
Configuration Name: 
Machine: YM (Microsoft Windows NT 10.0.19043.0)
Host Application: C:\Windows\System32\WindowsPowerShell\v1.0\powershell.exe -NoProfile -ExecutionPolicy Bypass -NoExit -File C:\Users\User\Desktop\CH\CH\setup_and_run.ps1
Process ID: 7128
PSVersion: 5.1.19041.1645
PSEdition: Desktop
PSCompatibleVersions: 1.0, 2.0, 3.0, 4.0, 5.0, 5.1.19041.1645
BuildVersion: 10.0.19041.1645
CLRVersion: 4.0.30319.42000
WSManStackVersion: 3.0
PSRemotingProtocolVersion: 2.3
SerializationVersion: 1.1.0.1
**********************
Transcript started, output file is C:\Users\User\Desktop\CH\CH\server.log
Starting server... (logging to C:\Users\User\Desktop\CH\CH\server.log)
==== Start: 02/15/2026 15:14:37 ==== 
**********************
Windows PowerShell transcript start
Start time: 20260215151437
Username: YM\User
RunAs User: YM\User
Configuration Name: 
Machine: YM (Microsoft Windows NT 10.0.19043.0)
Host Application: C:\Windows\System32\WindowsPowerShell\v1.0\powershell.exe -NoProfile -ExecutionPolicy Bypass -NoExit -File C:\Users\User\Desktop\CH\CH\setup_and_run.ps1
Process ID: 10744
PSVersion: 5.1.19041.1645
PSEdition: Desktop
PSCompatibleVersions: 1.0, 2.0, 3.0, 4.0, 5.0, 5.1.19041.1645
BuildVersion: 10.0.19041.1645
CLRVersion: 4.0.30319.42000
WSManStackVersion: 3.0
PSRemotingProtocolVersion: 2.3
SerializationVersion: 1.1.0.1
**********************
Transcript started, output file is C:\Users\User\Desktop\CH\CH\server.log
Starting server... (logging to C:\Users\User\Desktop\CH\CH\server.log)
==== Start: 02/15/2026 15:29:47 ==== 
**********************
Windows PowerShell transcript start
Start time: 20260215152947
Username: YM\User
RunAs User: YM\User
Configuration Name: 
Machine: YM (Microsoft Windows NT 10.0.19043.0)
Host Application: C:\Windows\System32\WindowsPowerShell\v1.0\powershell.exe -NoProfile -ExecutionPolicy Bypass -NoExit -File C:\Users\User\Desktop\CH\CH\setup_and_run.ps1
Process ID: 8716
PSVersion: 5.1.19041.1645
PSEdition: Desktop
PSCompatibleVersions: 1.0, 2.0, 3.0, 4.0, 5.0, 5.1.19041.1645
BuildVersion: 10.0.19041.1645
CLRVersion: 4.0.30319.42000
WSManStackVersion: 3.0
PSRemotingProtocolVersion: 2.3
SerializationVersion: 1.1.0.1
**********************
Transcript started, output file is C:\Users\User\Desktop\CH\CH\server.log
Starting server... (logging to C:\Users\User\Desktop\CH\CH\server.log)
==== Start: 02/15/2026 15:55:26 ==== 
**********************
Windows PowerShell transcript start
Start time: 20260215155526
Username: YM\User
RunAs User: YM\User
Configuration Name: 
Machine: YM (Microsoft Windows NT 10.0.19043.0)
Host Application: C:\Windows\System32\WindowsPowerShell\v1.0\powershell.exe -NoProfile -ExecutionPolicy Bypass -NoExit -File C:\Users\User\Desktop\CH\CH\setup_and_run.ps1
Process ID: 5756
PSVersion: 5.1.19041.1645
PSEdition: Desktop
PSCompatibleVersions: 1.0, 2.0, 3.0, 4.0, 5.0, 5.1.19041.1645
BuildVersion: 10.0.19041.1645
CLRVersion: 4.0.30319.42000
WSManStackVersion: 3.0
PSRemotingProtocolVersion: 2.3
SerializationVersion: 1.1.0.1
**********************
Transcript started, output file is C:\Users\User\Desktop\CH\CH\server.log
Starting server... (logging to C:\Users\User\Desktop\CH\CH\server.log)
==== Start: 02/15/2026 15:58:53 ==== 
**********************
Windows PowerShell transcript start
Start time: 20260215155853
Username: YM\User
RunAs User: YM\User
Configuration Name: 
Machine: YM (Microsoft Windows NT 10.0.19043.0)
Host Application: C:\Windows\System32\WindowsPowerShell\v1.0\powershell.exe -NoProfile -ExecutionPolicy Bypass -NoExit -File C:\Users\User\Desktop\CH\CH\setup_and_run.ps1
Process ID: 4724
PSVersion: 5.1.19041.1645
PSEdition: Desktop
PSCompatibleVersions: 1.0, 2.0, 3.0, 4.0, 5.0, 5.1.19041.1645
BuildVersion: 10.0.19041.1645
CLRVersion: 4.0.30319.42000
WSManStackVersion: 3.0
PSRemotingProtocolVersion: 2.3
SerializationVersion: 1.1.0.1
**********************
Transcript started, output file is C:\Users\User\Desktop\CH\CH\server.log
Starting server... (logging to C:\Users\User\Desktop\CH\CH\server.log)
==== Start: 02/15/2026 16:01:25 ==== 
**********************
Windows PowerShell transcript start
Start time: 20260215160125
Username: YM\User
RunAs User: YM\User
Configuration Name: 
Machine: YM (Microsoft Windows NT 10.0.19043.0)
Host Application: C:\Windows\System32\WindowsPowerShell\v1.0\powershell.exe -NoProfile -ExecutionPolicy Bypass -NoExit -File C:\Users\User\Desktop\CH\CH\setup_and_run.ps1
Process ID: 7324
PSVersion: 5.1.19041.1645
PSEdition: Desktop
PSCompatibleVersions: 1.0, 2.0, 3.0, 4.0, 5.0, 5.1.19041.1645
BuildVersion: 10.0.19041.1645
CLRVersion: 4.0.30319.42000
WSManStackVersion: 3.0
PSRemotingProtocolVersion: 2.3
SerializationVersion: 1.1.0.1
**********************
Transcript started, output file is C:\Users\User\Desktop\CH\CH\server.log
Starting server... (logging to C:\Users\User\Desktop\CH\CH\server.log)
==== Start: 02/15/2026 16:31:31 ==== 
**********************
Windows PowerShell transcript start
Start time: 20260215163131
Username: YM\User
RunAs User: YM\User
Configuration Name: 
Machine: YM (Microsoft Windows NT 10.0.19043.0)
Host Application: C:\Windows\System32\WindowsPowerShell\v1.0\powershell.exe -NoProfile -ExecutionPolicy Bypass -NoExit -File C:\Users\User\Desktop\CH\CH\setup_and_run.ps1
Process ID: 12632
PSVersion: 5.1.19041.1645
PSEdition: Desktop
PSCompatibleVersions: 1.0, 2.0, 3.0, 4.0, 5.0, 5.1.19041.1645
BuildVersion: 10.0.19041.1645
CLRVersion: 4.0.30319.42000
WSManStackVersion: 3.0
PSRemotingProtocolVersion: 2.3
SerializationVersion: 1.1.0.1
**********************
Transcript started, output file is C:\Users\User\Desktop\CH\CH\server.log
Starting server... (logging to C:\Users\User\Desktop\CH\CH\server.log)
==== Start: 02/17/2026 11:46:08 ==== 
**********************
Windows PowerShell transcript start
Start time: 20260217114608
Username: YM\User
RunAs User: YM\User
Configuration Name: 
Machine: YM (Microsoft Windows NT 10.0.19043.0)
Host Application: C:\Windows\System32\WindowsPowerShell\v1.0\powershell.exe -NoProfile -ExecutionPolicy Bypass -NoExit -File C:\Users\User\Desktop\CH\CH\CH\setup_and_run.ps1
Process ID: 680
PSVersion: 5.1.19041.1645
PSEdition: Desktop
PSCompatibleVersions: 1.0, 2.0, 3.0, 4.0, 5.0, 5.1.19041.1645
BuildVersion: 10.0.19041.1645
CLRVersion: 4.0.30319.42000
WSManStackVersion: 3.0
PSRemotingProtocolVersion: 2.3
SerializationVersion: 1.1.0.1
**********************
Transcript started, output file is C:\Users\User\Desktop\CH\CH\CH\server.log
Starting server... (logging to C:\Users\User\Desktop\CH\CH\CH\server.log)
